2024-07-22 18:57:08.837 - DBeaver 24.1.1.202406231636 is starting
2024-07-22 18:57:08.839 - OS: Windows 10 10.0 (amd64)
2024-07-22 18:57:08.839 - Java version: 17.0.6 by Eclipse Adoptium (64bit)
2024-07-22 18:57:08.840 - Install path: 'D:\web_1900_kty\dbms\resource\dbeaver'
2024-07-22 18:57:08.840 - Instance path: 'file:/D:/web_1900_kty/dbms/workspace/'
2024-07-22 18:57:08.842 - Memory available 64Mb/1024Mb
2024-07-22 18:57:08.856 - Create display
2024-07-22 18:57:08.984 - Initialize desktop platform...
2024-07-22 18:57:09.152 - BounceCastle bundle found. Use JCE provider BC
> Start Core File Systems [org.eclipse.core.filesystem 1.10.400.v20240426-1040]
> Start Core Resource Management [org.eclipse.core.resources 3.20.200.v20240513-1323]
> Start 팀 지원 핵심 [org.eclipse.team.core 3.10.400.v20240413-1529]
> Start DBeaver UI Navigator [org.jkiss.dbeaver.ui.navigator 1.0.133.202406231636]
2024-07-22 18:57:09.378 - Initialize base platform...
2024-07-22 18:57:09.410 - Platform initialized (426ms)
> Start DBeaver UI Editors - Base [org.jkiss.dbeaver.ui.editors.base 1.0.133.202406231636]
2024-07-22 18:57:09.457 - Starting instance server at http://localhost:49750
2024-07-22 18:57:09.469 - Run workbench
> Start Eclipse e4 작업영역 SWT [org.eclipse.e4.ui.workbench.swt 0.17.400.v20240425-0840]
> Start Eclipse Application Services [org.eclipse.e4.core.services 2.4.400.v20240413-1529]
> Start Eclipse UI Application Services [org.eclipse.e4.ui.services 1.6.300.v20231201-1637]
> Start Eclipse e4 Progress View [org.eclipse.e4.ui.progress 0.4.400.v20240424-0956]
> Start Eclipse Bindings Support [org.eclipse.e4.ui.bindings 0.14.400.v20240321-1245]
> Start Eclipse e4 core commands [org.eclipse.e4.core.commands 1.1.400.v20240424-0444]
> Start EMF XML/XMI Persistence [org.eclipse.emf.ecore.xmi 2.37.0.v20231208-1346]
> Start Eclipse CSS SWT Theme Support [org.eclipse.e4.ui.css.swt.theme 0.14.400.v20240424-0956]
> Start Eclipse e4 작업영역 기능 추가 [org.eclipse.e4.ui.workbench.addons.swt 1.5.400.v20240416-0658]
> Start Eclipse e4 작업영역 SWT 렌더러 [org.eclipse.e4.ui.workbench.renderers.swt 0.16.400.v20240418-1547]
> Start Eclipse Dependency Injection Extensions [org.eclipse.e4.core.di.extensions 0.18.300.v20240413-1529]
> Start Eclipse CSS SWT Support [org.eclipse.e4.ui.css.swt 0.15.400.v20240321-1245]
2024-07-22 18:57:11.142 - Configure workbench window
> Start DBeaver SQL Model [org.jkiss.dbeaver.model.sql 1.0.123.202406231636]
2024-07-22 18:57:11.263 - Total database drivers: 118 (118)
> Start 도움말 시스템 코어 [org.eclipse.help 3.10.400.v20240415-0528]
2024-07-22 18:57:11.328 - Create actions
2024-07-22 18:57:11.334 - Disable Eclipse action set 'org.eclipse.ui.edit.text.actionSet.annotationNavigation'
2024-07-22 18:57:11.334 - Disable Eclipse action set 'org.eclipse.ui.WorkingSetActionSet'
2024-07-22 18:57:11.334 - Disable Eclipse action set 'org.eclipse.ui.actionSet.openFiles'
2024-07-22 18:57:11.334 - Create workbench actions
2024-07-22 18:57:11.592 - Initialize workbench window
2024-07-22 18:57:11.596 - Finish initialization
> Start 기본 문서 편집기 [org.eclipse.ui.editors 3.17.300.v20240524-2010]
> Start 텍스트 편집기 프레임워크 [org.eclipse.ui.workbench.texteditor 3.17.400.v20240524-2010]
> Start DBeaver UI Editors - Data [org.jkiss.dbeaver.ui.editors.data 1.0.133.202406231636]
Warning: NLS unused message: actions_navigator__objects in: org.jkiss.dbeaver.ui.editors.sql.internal.SQLEditorMessages
> Start DBeaver UI Editors - SQL [org.jkiss.dbeaver.ui.editors.sql 1.0.133.202406231636]
Warning: NLS unused message: FindReplace_title in: org.eclipse.ui.texteditor.EditorMessages
Warning: NLS unused message: FindReplace_Find_label in: org.eclipse.ui.texteditor.EditorMessages
Warning: NLS unused message: FindReplace_Replace_label in: org.eclipse.ui.texteditor.EditorMessages
Warning: NLS unused message: FindReplace_Direction in: org.eclipse.ui.texteditor.EditorMessages
Warning: NLS unused message: FindReplace_ForwardRadioButton_label in: org.eclipse.ui.texteditor.EditorMessages
Warning: NLS unused message: FindReplace_BackwardRadioButton_label in: org.eclipse.ui.texteditor.EditorMessages
Warning: NLS unused message: FindReplace_Scope in: org.eclipse.ui.texteditor.EditorMessages
Warning: NLS unused message: FindReplace_GlobalRadioButton_label in: org.eclipse.ui.texteditor.EditorMessages
Warning: NLS unused message: FindReplace_SelectedRangeRadioButton_label in: org.eclipse.ui.texteditor.EditorMessages
Warning: NLS unused message: FindReplace_Options in: org.eclipse.ui.texteditor.EditorMessages
Warning: NLS unused message: FindReplace_CaseCheckBox_label in: org.eclipse.ui.texteditor.EditorMessages
Warning: NLS unused message: FindReplace_WrapCheckBox_label in: org.eclipse.ui.texteditor.EditorMessages
Warning: NLS unused message: FindReplace_WholeWordCheckBox_label in: org.eclipse.ui.texteditor.EditorMessages
Warning: NLS unused message: FindReplace_IncrementalCheckBox_label in: org.eclipse.ui.texteditor.EditorMessages
Warning: NLS unused message: FindReplace_RegExCheckbox_label in: org.eclipse.ui.texteditor.EditorMessages
Warning: NLS unused message: FindReplace_FindNextButton_label in: org.eclipse.ui.texteditor.EditorMessages
Warning: NLS unused message: FindReplace_ReplaceFindButton_label in: org.eclipse.ui.texteditor.EditorMessages
Warning: NLS unused message: FindReplace_ReplaceSelectionButton_label in: org.eclipse.ui.texteditor.EditorMessages
Warning: NLS unused message: FindReplace_ReplaceAllButton_label in: org.eclipse.ui.texteditor.EditorMessages
Warning: NLS unused message: FindReplace_SelectAllButton_label in: org.eclipse.ui.texteditor.EditorMessages
Warning: NLS unused message: FindReplace_CloseButton_label in: org.eclipse.ui.texteditor.EditorMessages
Warning: NLS unused message: FindReplace_Status_replacements_label in: org.eclipse.ui.texteditor.EditorMessages
> Start DBeaver SQL Terminal [org.jkiss.dbeaver.ui.editors.sql.terminal 1.0.109.202406231636]
> Start 핵심 비교 지원 [org.eclipse.compare.core 3.8.500.v20240524-2010]
> Start 인터넷 연결 관리 사용자 인터페이스 [org.eclipse.ui.net 1.5.400.v20240413-1529]
> Start Internet Connection Management [org.eclipse.core.net 1.5.400.v20240413-1529]
> Start DBeaver Sample Database [org.jkiss.dbeaver.ext.sample.database 1.0.170.202406231636]
> Start DBeaver Tip of the day [org.jkiss.dbeaver.ext.ui.tipoftheday 1.0.139.202406231636]
> Start GEF Classic Draw2d [org.eclipse.draw2d 3.16.0.202405290843]
> Start GEF Classic GEF (MVC) [org.eclipse.gef 3.18.0.202405290843]
> Start DBeaver ERD UI [org.jkiss.dbeaver.erd.ui 3.0.93.202406231636]
> Start DBeaver ERD Model [org.jkiss.dbeaver.erd.model 1.0.93.202406231636]
> Start DBeaver Dashboard UI [org.jkiss.dbeaver.ui.dashboard 1.0.130.202406231636]
> Start DBeaver Dashboards Model [org.jkiss.dbeaver.model.dashboard 1.0.6.202406231636]
> Start DBeaver UI Editors - Connections [org.jkiss.dbeaver.ui.editors.connection 1.0.124.202406231636]
> Start 콘솔 [org.eclipse.ui.console 3.14.100.v20240429-1358]
> Start 디버그 핵심 [org.eclipse.debug.core 3.21.400.v20240415-0528]
> Start DBeaver Tasks - Native Tools UI [org.jkiss.dbeaver.tasks.native.ui 1.0.111.202406231636]
> Start DBeaver Oracle UI [org.jkiss.dbeaver.ext.oracle.ui 1.0.120.202406231636]
> Start DBeaver Tasks - General UI [org.jkiss.dbeaver.tasks.ui 1.0.111.202406231636]
2024-07-22 18:57:13.598 - Connect with 'localhost' (oracle_thin-190a18582a7-67bd0fe17b01a490)
> Start DBeaver JDBC Model [org.jkiss.dbeaver.model.jdbc 1.0.26.202406231636]
> Start DBeaver Oracle Model [org.jkiss.dbeaver.ext.oracle 2.1.218.202406231636]
2024-07-22 18:57:13.631 - Execution context opened (localhost; Main; 0)
2024-07-22 18:57:13.900 - Execution context opened (localhost; Metadata; 1)
2024-07-22 18:57:13.981 - Connected (oracle_thin-190a18582a7-67bd0fe17b01a490, Oracle JDBC driver [11.2.0.2.0])
2024-07-22 18:57:13.982 - Execution context opened (localhost; SQLEditor <jdbc.sql>; 2)
> Start DBeaver SQL Language Semantic Model [org.jkiss.dbeaver.model.lsm 1.0.28.202406231636]
2024-07-22 18:57:15.753 - Open [https://dbeaver.io/product/version.xml]
2024-07-22 18:57:35.219 - Execution context opened (localhost; SQLEditor <day38.sql>; 3)
2024-07-22 18:57:43.301 - Execution context closed (localhost, 3)
2024-07-22 19:33:53.654 - Error binding callable statement parameters from metadata: 지원되지 않는 기능입니다
2024-07-22 19:33:53.654 - Error obtaining output parameters from metadata: 지원되지 않는 기능입니다
2024-07-22 19:33:53.654 - Can't obtain procedure metadata nor jdbc metadata
2024-07-22 19:33:53.840 - SQL Error [984] [42000]: ORA-00984: column not allowed here


Error position: line: 42 pos: 120
org.jkiss.dbeaver.model.sql.DBSQLException: SQL Error [984] [42000]: ORA-00984: column not allowed here

	at org.jkiss.dbeaver.model.impl.jdbc.exec.JDBCStatementImpl.executeStatement(JDBCStatementImpl.java:133)
	at org.jkiss.dbeaver.ui.editors.sql.execute.SQLQueryJob.executeStatement(SQLQueryJob.java:615)
	at org.jkiss.dbeaver.ui.editors.sql.execute.SQLQueryJob.lambda$2(SQLQueryJob.java:506)
	at org.jkiss.dbeaver.ui.editors.sql.execute.SQLQueryJob.executeSingleQuery(SQLQueryJob.java:528)
	at org.jkiss.dbeaver.ui.editors.sql.execute.SQLQueryJob.extractData(SQLQueryJob.java:977)
	at org.jkiss.dbeaver.ui.editors.sql.SQLEditor$QueryResultsContainer.readData(SQLEditor.java:4176)
	at org.jkiss.dbeaver.ui.controls.resultset.ResultSetJobDataRead.lambda$0(ResultSetJobDataRead.java:123)
	at org.jkiss.dbeaver.model.exec.DBExecUtils.tryExecuteRecover(DBExecUtils.java:192)
	at org.jkiss.dbeaver.ui.controls.resultset.ResultSetJobDataRead.run(ResultSetJobDataRead.java:121)
	at org.jkiss.dbeaver.ui.controls.resultset.ResultSetViewer$ResultSetDataPumpJob.run(ResultSetViewer.java:5154)
	at org.jkiss.dbeaver.model.runtime.AbstractJob.run(AbstractJob.java:117)
	at org.eclipse.core.internal.jobs.Worker.run(Worker.java:63)
Caused by: java.sql.SQLSyntaxErrorException: ORA-00984: column not allowed here

	at oracle.jdbc.driver.T4CTTIoer.processError(T4CTTIoer.java:440)
	at oracle.jdbc.driver.T4CTTIoer.processError(T4CTTIoer.java:396)
	at oracle.jdbc.driver.T4C8Oall.processError(T4C8Oall.java:837)
	at oracle.jdbc.driver.T4CTTIfun.receive(T4CTTIfun.java:445)
	at oracle.jdbc.driver.T4CTTIfun.doRPC(T4CTTIfun.java:191)
	at oracle.jdbc.driver.T4C8Oall.doOALL(T4C8Oall.java:523)
	at oracle.jdbc.driver.T4CStatement.doOall8(T4CStatement.java:193)
	at oracle.jdbc.driver.T4CStatement.executeForRows(T4CStatement.java:999)
	at oracle.jdbc.driver.OracleStatement.doExecuteWithTimeout(OracleStatement.java:1315)
	at oracle.jdbc.driver.OracleStatement.executeInternal(OracleStatement.java:1890)
	at oracle.jdbc.driver.OracleStatement.execute(OracleStatement.java:1855)
	at oracle.jdbc.driver.OracleStatementWrapper.execute(OracleStatementWrapper.java:304)
	at org.jkiss.dbeaver.model.impl.jdbc.exec.JDBCStatementImpl.execute(JDBCStatementImpl.java:330)
	at org.jkiss.dbeaver.model.impl.jdbc.exec.JDBCStatementImpl.executeStatement(JDBCStatementImpl.java:131)
	... 11 more
> Start DBeaver Data Transfer [org.jkiss.dbeaver.data.transfer 2.0.117.202406231636]
2024-07-22 21:02:28.463 - SQL Error [900] [42000]: ORA-00900: invalid SQL statement

org.jkiss.dbeaver.model.sql.DBSQLException: SQL Error [900] [42000]: ORA-00900: invalid SQL statement

	at org.jkiss.dbeaver.model.impl.jdbc.exec.JDBCStatementImpl.executeStatement(JDBCStatementImpl.java:133)
	at org.jkiss.dbeaver.ui.editors.sql.execute.SQLQueryJob.executeStatement(SQLQueryJob.java:615)
	at org.jkiss.dbeaver.ui.editors.sql.execute.SQLQueryJob.lambda$2(SQLQueryJob.java:506)
	at org.jkiss.dbeaver.model.exec.DBExecUtils.tryExecuteRecover(DBExecUtils.java:192)
	at org.jkiss.dbeaver.ui.editors.sql.execute.SQLQueryJob.executeSingleQuery(SQLQueryJob.java:525)
	at org.jkiss.dbeaver.ui.editors.sql.execute.SQLQueryJob.extractData(SQLQueryJob.java:977)
	at org.jkiss.dbeaver.ui.editors.sql.SQLEditor$QueryResultsContainer.readData(SQLEditor.java:4176)
	at org.jkiss.dbeaver.ui.controls.resultset.ResultSetJobDataRead.lambda$0(ResultSetJobDataRead.java:123)
	at org.jkiss.dbeaver.model.exec.DBExecUtils.tryExecuteRecover(DBExecUtils.java:192)
	at org.jkiss.dbeaver.ui.controls.resultset.ResultSetJobDataRead.run(ResultSetJobDataRead.java:121)
	at org.jkiss.dbeaver.ui.controls.resultset.ResultSetViewer$ResultSetDataPumpJob.run(ResultSetViewer.java:5154)
	at org.jkiss.dbeaver.model.runtime.AbstractJob.run(AbstractJob.java:117)
	at org.eclipse.core.internal.jobs.Worker.run(Worker.java:63)
Caused by: java.sql.SQLSyntaxErrorException: ORA-00900: invalid SQL statement

	at oracle.jdbc.driver.T4CTTIoer.processError(T4CTTIoer.java:440)
	at oracle.jdbc.driver.T4CTTIoer.processError(T4CTTIoer.java:396)
	at oracle.jdbc.driver.T4C8Oall.processError(T4C8Oall.java:837)
	at oracle.jdbc.driver.T4CTTIfun.receive(T4CTTIfun.java:445)
	at oracle.jdbc.driver.T4CTTIfun.doRPC(T4CTTIfun.java:191)
	at oracle.jdbc.driver.T4C8Oall.doOALL(T4C8Oall.java:523)
	at oracle.jdbc.driver.T4CStatement.doOall8(T4CStatement.java:193)
	at oracle.jdbc.driver.T4CStatement.executeForRows(T4CStatement.java:999)
	at oracle.jdbc.driver.OracleStatement.doExecuteWithTimeout(OracleStatement.java:1315)
	at oracle.jdbc.driver.OracleStatement.executeInternal(OracleStatement.java:1890)
	at oracle.jdbc.driver.OracleStatement.execute(OracleStatement.java:1855)
	at oracle.jdbc.driver.OracleStatementWrapper.execute(OracleStatementWrapper.java:304)
	at org.jkiss.dbeaver.model.impl.jdbc.exec.JDBCStatementImpl.execute(JDBCStatementImpl.java:330)
	at org.jkiss.dbeaver.model.impl.jdbc.exec.JDBCStatementImpl.executeStatement(JDBCStatementImpl.java:131)
	... 12 more
2024-07-22 21:02:28.545 - Error binding callable statement parameters from metadata: 지원되지 않는 기능입니다
2024-07-22 21:02:28.545 - Error obtaining output parameters from metadata: 지원되지 않는 기능입니다
2024-07-22 21:02:28.545 - Can't obtain procedure metadata nor jdbc metadata
2024-07-22 21:29:00.443 - Error binding callable statement parameters from metadata: 지원되지 않는 기능입니다
2024-07-22 21:29:00.443 - Error obtaining output parameters from metadata: 지원되지 않는 기능입니다
2024-07-22 21:29:00.443 - Can't obtain procedure metadata nor jdbc metadata
2024-07-22 21:29:00.501 - SQL Error [932] [42000]: ORA-00932: inconsistent datatypes: expected DATE got NUMBER


Error position: line: 73 pos: 122
org.jkiss.dbeaver.model.sql.DBSQLException: SQL Error [932] [42000]: ORA-00932: inconsistent datatypes: expected DATE got NUMBER

	at org.jkiss.dbeaver.model.impl.jdbc.exec.JDBCStatementImpl.executeStatement(JDBCStatementImpl.java:133)
	at org.jkiss.dbeaver.ui.editors.sql.execute.SQLQueryJob.executeStatement(SQLQueryJob.java:615)
	at org.jkiss.dbeaver.ui.editors.sql.execute.SQLQueryJob.lambda$2(SQLQueryJob.java:506)
	at org.jkiss.dbeaver.model.exec.DBExecUtils.tryExecuteRecover(DBExecUtils.java:192)
	at org.jkiss.dbeaver.ui.editors.sql.execute.SQLQueryJob.executeSingleQuery(SQLQueryJob.java:525)
	at org.jkiss.dbeaver.ui.editors.sql.execute.SQLQueryJob.extractData(SQLQueryJob.java:977)
	at org.jkiss.dbeaver.ui.editors.sql.SQLEditor$QueryResultsContainer.readData(SQLEditor.java:4176)
	at org.jkiss.dbeaver.ui.controls.resultset.ResultSetJobDataRead.lambda$0(ResultSetJobDataRead.java:123)
	at org.jkiss.dbeaver.model.exec.DBExecUtils.tryExecuteRecover(DBExecUtils.java:192)
	at org.jkiss.dbeaver.ui.controls.resultset.ResultSetJobDataRead.run(ResultSetJobDataRead.java:121)
	at org.jkiss.dbeaver.ui.controls.resultset.ResultSetViewer$ResultSetDataPumpJob.run(ResultSetViewer.java:5154)
	at org.jkiss.dbeaver.model.runtime.AbstractJob.run(AbstractJob.java:117)
	at org.eclipse.core.internal.jobs.Worker.run(Worker.java:63)
Caused by: java.sql.SQLSyntaxErrorException: ORA-00932: inconsistent datatypes: expected DATE got NUMBER

	at oracle.jdbc.driver.T4CTTIoer.processError(T4CTTIoer.java:440)
	at oracle.jdbc.driver.T4CTTIoer.processError(T4CTTIoer.java:396)
	at oracle.jdbc.driver.T4C8Oall.processError(T4C8Oall.java:837)
	at oracle.jdbc.driver.T4CTTIfun.receive(T4CTTIfun.java:445)
	at oracle.jdbc.driver.T4CTTIfun.doRPC(T4CTTIfun.java:191)
	at oracle.jdbc.driver.T4C8Oall.doOALL(T4C8Oall.java:523)
	at oracle.jdbc.driver.T4CStatement.doOall8(T4CStatement.java:193)
	at oracle.jdbc.driver.T4CStatement.executeForDescribe(T4CStatement.java:848)
	at oracle.jdbc.driver.OracleStatement.executeMaybeDescribe(OracleStatement.java:1153)
	at oracle.jdbc.driver.OracleStatement.doExecuteWithTimeout(OracleStatement.java:1275)
	at oracle.jdbc.driver.OracleStatement.executeInternal(OracleStatement.java:1890)
	at oracle.jdbc.driver.OracleStatement.execute(OracleStatement.java:1855)
	at oracle.jdbc.driver.OracleStatementWrapper.execute(OracleStatementWrapper.java:304)
	at org.jkiss.dbeaver.model.impl.jdbc.exec.JDBCStatementImpl.execute(JDBCStatementImpl.java:330)
	at org.jkiss.dbeaver.model.impl.jdbc.exec.JDBCStatementImpl.executeStatement(JDBCStatementImpl.java:131)
	... 12 more
2024-07-22 21:55:36.044 - Execution context closed (localhost, 2)
2024-07-22 21:55:36.222 - DBeaver is stopping
2024-07-22 21:55:36.223 - Stop instance server
2024-07-22 21:55:37.227 - Instance server has been stopped
2024-07-22 21:55:37.227 - DBeaver shutdown completed
