2024-07-23 18:55:59.822 - DBeaver 24.1.1.202406231636 is starting
2024-07-23 18:55:59.823 - OS: Windows 10 10.0 (amd64)
2024-07-23 18:55:59.824 - Java version: 17.0.6 by Eclipse Adoptium (64bit)
2024-07-23 18:55:59.824 - Install path: 'D:\web_1900_kty\dbms\resource\dbeaver'
2024-07-23 18:55:59.824 - Instance path: 'file:/D:/web_1900_kty/dbms/workspace/'
2024-07-23 18:55:59.826 - Memory available 64Mb/1024Mb
2024-07-23 18:55:59.836 - Create display
2024-07-23 18:55:59.930 - Initialize desktop platform...
2024-07-23 18:56:00.062 - BounceCastle bundle found. Use JCE provider BC
> Start Core File Systems [org.eclipse.core.filesystem 1.10.400.v20240426-1040]
> Start Core Resource Management [org.eclipse.core.resources 3.20.200.v20240513-1323]
> Start 팀 지원 핵심 [org.eclipse.team.core 3.10.400.v20240413-1529]
> Start DBeaver UI Navigator [org.jkiss.dbeaver.ui.navigator 1.0.133.202406231636]
2024-07-23 18:56:00.246 - Initialize base platform...
2024-07-23 18:56:00.271 - Platform initialized (341ms)
> Start DBeaver UI Editors - Base [org.jkiss.dbeaver.ui.editors.base 1.0.133.202406231636]
2024-07-23 18:56:00.428 - Starting instance server at http://localhost:49706
2024-07-23 18:56:00.436 - Run workbench
> Start Eclipse e4 작업영역 SWT [org.eclipse.e4.ui.workbench.swt 0.17.400.v20240425-0840]
> Start Eclipse Application Services [org.eclipse.e4.core.services 2.4.400.v20240413-1529]
> Start Eclipse UI Application Services [org.eclipse.e4.ui.services 1.6.300.v20231201-1637]
> Start Eclipse e4 Progress View [org.eclipse.e4.ui.progress 0.4.400.v20240424-0956]
> Start Eclipse Bindings Support [org.eclipse.e4.ui.bindings 0.14.400.v20240321-1245]
> Start Eclipse e4 core commands [org.eclipse.e4.core.commands 1.1.400.v20240424-0444]
> Start EMF XML/XMI Persistence [org.eclipse.emf.ecore.xmi 2.37.0.v20231208-1346]
> Start Eclipse CSS SWT Theme Support [org.eclipse.e4.ui.css.swt.theme 0.14.400.v20240424-0956]
> Start Eclipse e4 작업영역 기능 추가 [org.eclipse.e4.ui.workbench.addons.swt 1.5.400.v20240416-0658]
> Start Eclipse e4 작업영역 SWT 렌더러 [org.eclipse.e4.ui.workbench.renderers.swt 0.16.400.v20240418-1547]
> Start Eclipse Dependency Injection Extensions [org.eclipse.e4.core.di.extensions 0.18.300.v20240413-1529]
> Start Eclipse CSS SWT Support [org.eclipse.e4.ui.css.swt 0.15.400.v20240321-1245]
2024-07-23 18:56:01.873 - Configure workbench window
> Start DBeaver SQL Model [org.jkiss.dbeaver.model.sql 1.0.123.202406231636]
2024-07-23 18:56:01.992 - Total database drivers: 118 (118)
> Start 도움말 시스템 코어 [org.eclipse.help 3.10.400.v20240415-0528]
2024-07-23 18:56:02.052 - Create actions
2024-07-23 18:56:02.058 - Disable Eclipse action set 'org.eclipse.ui.edit.text.actionSet.annotationNavigation'
2024-07-23 18:56:02.059 - Disable Eclipse action set 'org.eclipse.ui.WorkingSetActionSet'
2024-07-23 18:56:02.059 - Disable Eclipse action set 'org.eclipse.ui.actionSet.openFiles'
2024-07-23 18:56:02.059 - Create workbench actions
2024-07-23 18:56:02.328 - Initialize workbench window
2024-07-23 18:56:02.332 - Finish initialization
> Start 기본 문서 편집기 [org.eclipse.ui.editors 3.17.300.v20240524-2010]
> Start 텍스트 편집기 프레임워크 [org.eclipse.ui.workbench.texteditor 3.17.400.v20240524-2010]
> Start DBeaver UI Editors - Data [org.jkiss.dbeaver.ui.editors.data 1.0.133.202406231636]
Warning: NLS unused message: actions_navigator__objects in: org.jkiss.dbeaver.ui.editors.sql.internal.SQLEditorMessages
> Start DBeaver UI Editors - SQL [org.jkiss.dbeaver.ui.editors.sql 1.0.133.202406231636]
Warning: NLS unused message: FindReplace_title in: org.eclipse.ui.texteditor.EditorMessages
Warning: NLS unused message: FindReplace_Find_label in: org.eclipse.ui.texteditor.EditorMessages
Warning: NLS unused message: FindReplace_Replace_label in: org.eclipse.ui.texteditor.EditorMessages
Warning: NLS unused message: FindReplace_Direction in: org.eclipse.ui.texteditor.EditorMessages
Warning: NLS unused message: FindReplace_ForwardRadioButton_label in: org.eclipse.ui.texteditor.EditorMessages
Warning: NLS unused message: FindReplace_BackwardRadioButton_label in: org.eclipse.ui.texteditor.EditorMessages
Warning: NLS unused message: FindReplace_Scope in: org.eclipse.ui.texteditor.EditorMessages
Warning: NLS unused message: FindReplace_GlobalRadioButton_label in: org.eclipse.ui.texteditor.EditorMessages
Warning: NLS unused message: FindReplace_SelectedRangeRadioButton_label in: org.eclipse.ui.texteditor.EditorMessages
Warning: NLS unused message: FindReplace_Options in: org.eclipse.ui.texteditor.EditorMessages
Warning: NLS unused message: FindReplace_CaseCheckBox_label in: org.eclipse.ui.texteditor.EditorMessages
Warning: NLS unused message: FindReplace_WrapCheckBox_label in: org.eclipse.ui.texteditor.EditorMessages
Warning: NLS unused message: FindReplace_WholeWordCheckBox_label in: org.eclipse.ui.texteditor.EditorMessages
Warning: NLS unused message: FindReplace_IncrementalCheckBox_label in: org.eclipse.ui.texteditor.EditorMessages
Warning: NLS unused message: FindReplace_RegExCheckbox_label in: org.eclipse.ui.texteditor.EditorMessages
Warning: NLS unused message: FindReplace_FindNextButton_label in: org.eclipse.ui.texteditor.EditorMessages
Warning: NLS unused message: FindReplace_ReplaceFindButton_label in: org.eclipse.ui.texteditor.EditorMessages
Warning: NLS unused message: FindReplace_ReplaceSelectionButton_label in: org.eclipse.ui.texteditor.EditorMessages
Warning: NLS unused message: FindReplace_ReplaceAllButton_label in: org.eclipse.ui.texteditor.EditorMessages
Warning: NLS unused message: FindReplace_SelectAllButton_label in: org.eclipse.ui.texteditor.EditorMessages
Warning: NLS unused message: FindReplace_CloseButton_label in: org.eclipse.ui.texteditor.EditorMessages
Warning: NLS unused message: FindReplace_Status_replacements_label in: org.eclipse.ui.texteditor.EditorMessages
> Start DBeaver SQL Terminal [org.jkiss.dbeaver.ui.editors.sql.terminal 1.0.109.202406231636]
> Start 핵심 비교 지원 [org.eclipse.compare.core 3.8.500.v20240524-2010]
> Start 인터넷 연결 관리 사용자 인터페이스 [org.eclipse.ui.net 1.5.400.v20240413-1529]
> Start Internet Connection Management [org.eclipse.core.net 1.5.400.v20240413-1529]
> Start DBeaver Sample Database [org.jkiss.dbeaver.ext.sample.database 1.0.170.202406231636]
> Start DBeaver Tip of the day [org.jkiss.dbeaver.ext.ui.tipoftheday 1.0.139.202406231636]
> Start GEF Classic Draw2d [org.eclipse.draw2d 3.16.0.202405290843]
> Start GEF Classic GEF (MVC) [org.eclipse.gef 3.18.0.202405290843]
> Start DBeaver ERD UI [org.jkiss.dbeaver.erd.ui 3.0.93.202406231636]
> Start DBeaver ERD Model [org.jkiss.dbeaver.erd.model 1.0.93.202406231636]
> Start DBeaver Dashboard UI [org.jkiss.dbeaver.ui.dashboard 1.0.130.202406231636]
> Start DBeaver Dashboards Model [org.jkiss.dbeaver.model.dashboard 1.0.6.202406231636]
> Start DBeaver UI Editors - Connections [org.jkiss.dbeaver.ui.editors.connection 1.0.124.202406231636]
> Start 콘솔 [org.eclipse.ui.console 3.14.100.v20240429-1358]
> Start 디버그 핵심 [org.eclipse.debug.core 3.21.400.v20240415-0528]
> Start DBeaver Tasks - Native Tools UI [org.jkiss.dbeaver.tasks.native.ui 1.0.111.202406231636]
> Start DBeaver Oracle UI [org.jkiss.dbeaver.ext.oracle.ui 1.0.120.202406231636]
> Start DBeaver Tasks - General UI [org.jkiss.dbeaver.tasks.ui 1.0.111.202406231636]
2024-07-23 18:56:06.628 - Connect with 'localhost' (oracle_thin-190a18582a7-67bd0fe17b01a490)
> Start DBeaver JDBC Model [org.jkiss.dbeaver.model.jdbc 1.0.26.202406231636]
> Start DBeaver Oracle Model [org.jkiss.dbeaver.ext.oracle 2.1.218.202406231636]
2024-07-23 18:56:06.665 - Execution context opened (localhost; Main; 0)
2024-07-23 18:56:06.970 - Execution context opened (localhost; Metadata; 1)
2024-07-23 18:56:07.052 - Connected (oracle_thin-190a18582a7-67bd0fe17b01a490, Oracle JDBC driver [11.2.0.2.0])
2024-07-23 18:56:07.055 - Execution context opened (localhost; SQLEditor <jdbc.sql>; 2)
> Start DBeaver SQL Language Semantic Model [org.jkiss.dbeaver.model.lsm 1.0.28.202406231636]
2024-07-23 18:56:08.691 - Open [https://dbeaver.io/product/version.xml]
2024-07-23 21:53:03.936 - Execution context closed (localhost, 2)
2024-07-23 21:53:04.135 - DBeaver is stopping
2024-07-23 21:53:04.135 - Stop instance server
2024-07-23 21:53:05.147 - DBeaver shutdown completed
